<html>
<head>
<title>TestNG:  chrometest</title>
<link href="../testng.css" rel="stylesheet" type="text/css" />
<link href="../my-testng.css" rel="stylesheet" type="text/css" />

<style type="text/css">
.log { display: none;} 
.stack-trace { display: none;} 
</style>
<script type="text/javascript">
<!--
function flip(e) {
  current = e.style.display;
  if (current == 'block') {
    e.style.display = 'none';
    return 0;
  }
  else {
    e.style.display = 'block';
    return 1;
  }
}

function toggleBox(szDivId, elem, msg1, msg2)
{
  var res = -1;  if (document.getElementById) {
    res = flip(document.getElementById(szDivId));
  }
  else if (document.all) {
    // this is the way old msie versions work
    res = flip(document.all[szDivId]);
  }
  if(elem) {
    if(res == 0) elem.innerHTML = msg1; else elem.innerHTML = msg2;
  }

}

function toggleAllBoxes() {
  if (document.getElementsByTagName) {
    d = document.getElementsByTagName('div');
    for (i = 0; i < d.length; i++) {
      if (d[i].className == 'log') {
        flip(d[i]);
      }
    }
  }
}

// -->
</script>

</head>
<body>
<h2 align='center'>chrometest</h2><table border='1' align="center">
<tr>
<td>Tests passed/Failed/Skipped:</td><td>12/1/1</td>
</tr><tr>
<td>Started on:</td><td>Sun Aug 10 13:14:09 IST 2025</td>
</tr>
<tr><td>Total time:</td><td>69 seconds (69974 ms)</td>
</tr><tr>
<td>Included groups:</td><td></td>
</tr><tr>
<td>Excluded groups:</td><td></td>
</tr>
</table><p/>
<small><i>(Hover the method name to see the test class name)</i></small><p/>
<table width='100%' border='1' class='invocation-failed'>
<tr><td colspan='4' align='center'><b>FAILED TESTS</b></td></tr>
<tr><td><b>Test method</b></td>
<td><b>Attribute(s)</b></td>
<td width="30%"><b>Exception</b></td>
<td width="10%"><b>Time (seconds)</b></td>
<td><b>Instance</b></td>
</tr>
<tr>
<td title='testCases.TC004_SearchUsersFunctionality.validateSearchFunctionality()'><b>validateSearchFunctionality</b><br>Test class: testCases.TC004_SearchUsersFunctionality</td>
<td><div><pre>java.lang.AssertionError: Test failed due to exception: stale element reference: stale element not found in the current frame
  (Session info: chrome=139.0.7258.66)
For documentation on this error, please visit: https://www.selenium.dev/documentation/webdriver/troubleshooting/errors#stale-element-reference-exception
Build info: version: &apos;4.33.0&apos;, revision: &apos;2c6aaad03a&apos;
System info: os.name: &apos;Windows 11&apos;, os.arch: &apos;amd64&apos;, os.version: &apos;10.0&apos;, java.version: &apos;22.0.2&apos;
Driver info: org.openqa.selenium.chrome.ChromeDriver
Command: [6639f2c9f0858ee09562404d6cb828b3, getElementText {id=f.E56C96DB5AA45C4A8853B54C33A6DA62.d.4CE5419DE0A240B31D4974EF6489A0F7.e.152}]
Capabilities {acceptInsecureCerts: false, browserName: chrome, browserVersion: 139.0.7258.66, chrome: {chromedriverVersion: 139.0.7258.66 (a62d32994769..., userDataDir: C:\Users\pushk\AppData\Loca...}, fedcm:accounts: true, goog:chromeOptions: {debuggerAddress: localhost:61108}, networkConnectionEnabled: false, pageLoadStrategy: normal, platformName: windows, proxy: Proxy(), se:cdp: ws://localhost:61108/devtoo..., se:cdpVersion: 139.0.7258.66, setWindowRect: true, strictFileInteractability: false, timeouts: {implicit: 0, pageLoad: 300000, script: 30000}, unhandledPromptBehavior: dismiss and notify, webauthn:extension:credBlob: true, webauthn:extension:largeBlob: true, webauthn:extension:minPinLength: true, webauthn:extension:prf: true, webauthn:virtualAuthenticators: true}
Element: [[ChromeDriver: chrome on windows (6639f2c9f0858ee09562404d6cb828b3)] -&gt; xpath: //div[@class=&apos;oxd-table-body&apos;]//div//div[2]]
Session ID: 6639f2c9f0858ee09562404d6cb828b3
	at testCases.TC004_SearchUsersFunctionality.validateSearchFunctionality(TC004_SearchUsersFunctionality.java:137)
	at java.base/java.util.ArrayList.forEach(ArrayList.java:1597)
... Removed 26 stack frames</pre></div><a href='#' onClick='toggleBox("stack-trace1769605448", this, "Click to show all stack frames", "Click to hide stack frames")'>Click to show all stack frames</a>
<div class='stack-trace' id='stack-trace1769605448'><pre>java.lang.AssertionError: Test failed due to exception: stale element reference: stale element not found in the current frame
  (Session info: chrome=139.0.7258.66)
For documentation on this error, please visit: https://www.selenium.dev/documentation/webdriver/troubleshooting/errors#stale-element-reference-exception
Build info: version: &apos;4.33.0&apos;, revision: &apos;2c6aaad03a&apos;
System info: os.name: &apos;Windows 11&apos;, os.arch: &apos;amd64&apos;, os.version: &apos;10.0&apos;, java.version: &apos;22.0.2&apos;
Driver info: org.openqa.selenium.chrome.ChromeDriver
Command: [6639f2c9f0858ee09562404d6cb828b3, getElementText {id=f.E56C96DB5AA45C4A8853B54C33A6DA62.d.4CE5419DE0A240B31D4974EF6489A0F7.e.152}]
Capabilities {acceptInsecureCerts: false, browserName: chrome, browserVersion: 139.0.7258.66, chrome: {chromedriverVersion: 139.0.7258.66 (a62d32994769..., userDataDir: C:\Users\pushk\AppData\Loca...}, fedcm:accounts: true, goog:chromeOptions: {debuggerAddress: localhost:61108}, networkConnectionEnabled: false, pageLoadStrategy: normal, platformName: windows, proxy: Proxy(), se:cdp: ws://localhost:61108/devtoo..., se:cdpVersion: 139.0.7258.66, setWindowRect: true, strictFileInteractability: false, timeouts: {implicit: 0, pageLoad: 300000, script: 30000}, unhandledPromptBehavior: dismiss and notify, webauthn:extension:credBlob: true, webauthn:extension:largeBlob: true, webauthn:extension:minPinLength: true, webauthn:extension:prf: true, webauthn:virtualAuthenticators: true}
Element: [[ChromeDriver: chrome on windows (6639f2c9f0858ee09562404d6cb828b3)] -&gt; xpath: //div[@class=&apos;oxd-table-body&apos;]//div//div[2]]
Session ID: 6639f2c9f0858ee09562404d6cb828b3
	at org.testng.Assert.fail(Assert.java:111)
	at testCases.TC004_SearchUsersFunctionality.validateSearchFunctionality(TC004_SearchUsersFunctionality.java:137)
	at java.base/jdk.internal.reflect.DirectMethodHandleAccessor.invoke(DirectMethodHandleAccessor.java:103)
	at java.base/java.lang.reflect.Method.invoke(Method.java:580)
	at org.testng.internal.invokers.MethodInvocationHelper.invokeMethod(MethodInvocationHelper.java:141)
	at org.testng.internal.invokers.TestInvoker.invokeMethod(TestInvoker.java:687)
	at org.testng.internal.invokers.TestInvoker.invokeTestMethod(TestInvoker.java:230)
	at org.testng.internal.invokers.MethodRunner.runInSequence(MethodRunner.java:63)
	at org.testng.internal.invokers.TestInvoker$MethodInvocationAgent.invoke(TestInvoker.java:995)
	at org.testng.internal.invokers.TestInvoker.invokeTestMethods(TestInvoker.java:203)
	at org.testng.internal.invokers.TestMethodWorker.invokeTestMethods(TestMethodWorker.java:154)
	at org.testng.internal.invokers.TestMethodWorker.run(TestMethodWorker.java:134)
	at java.base/java.util.ArrayList.forEach(ArrayList.java:1597)
	at org.testng.TestRunner.privateRun(TestRunner.java:741)
	at org.testng.TestRunner.run(TestRunner.java:616)
	at org.testng.SuiteRunner.runTest(SuiteRunner.java:421)
	at org.testng.SuiteRunner.runSequentially(SuiteRunner.java:413)
	at org.testng.SuiteRunner.privateRun(SuiteRunner.java:373)
	at org.testng.SuiteRunner.run(SuiteRunner.java:312)
	at org.testng.SuiteRunnerWorker.runSuite(SuiteRunnerWorker.java:52)
	at org.testng.SuiteRunnerWorker.run(SuiteRunnerWorker.java:95)
	at org.testng.TestNG.runSuitesSequentially(TestNG.java:1274)
	at org.testng.TestNG.runSuitesLocally(TestNG.java:1208)
	at org.testng.TestNG.runSuites(TestNG.java:1112)
	at org.testng.TestNG.run(TestNG.java:1079)
	at org.testng.remote.AbstractRemoteTestNG.run(AbstractRemoteTestNG.java:115)
	at org.testng.remote.RemoteTestNG.initAndRun(RemoteTestNG.java:293)
	at org.testng.remote.RemoteTestNG.main(RemoteTestNG.java:91)
</pre></div></td>
<td>0</td>
<td>testCases.TC004_SearchUsersFunctionality@2445445a</td></tr>
</table><p>
<table width='100%' border='1' class='invocation-passed'>
<tr><td colspan='4' align='center'><b>PASSED TESTS</b></td></tr>
<tr><td><b>Test method</b></td>
<td><b>Attribute(s)</b></td>
<td width="30%"><b>Exception</b></td>
<td width="10%"><b>Time (seconds)</b></td>
<td><b>Instance</b></td>
</tr>
<tr>
<td title='testCases.TC004_SearchUsersFunctionality.testTableData()'><b>testTableData</b><br>Test class: testCases.TC004_SearchUsersFunctionality</td>
<td></td>
<td>0</td>
<td>testCases.TC004_SearchUsersFunctionality@2445445a</td></tr>
<tr>
<td title='testCases.TC004_SearchUsersFunctionality.clickUserManagementMenu()'><b>clickUserManagementMenu</b><br>Test class: testCases.TC004_SearchUsersFunctionality</td>
<td></td>
<td>2</td>
<td>testCases.TC004_SearchUsersFunctionality@2445445a</td></tr>
<tr>
<td title='testCases.TC002_ValidateLoginFunctionality.verifyLogin()'><b>verifyLogin</b><br>Test class: testCases.TC002_ValidateLoginFunctionality<br>Parameters: Admin, Admin1234, Invalid</td>
<td></td>
<td>11</td>
<td>testCases.TC002_ValidateLoginFunctionality@59b38691</td></tr>
<tr>
<td title='testCases.TC003_ValidateAdminMainPage.clickAdminMenu()'><b>clickAdminMenu</b><br>Test class: testCases.TC003_ValidateAdminMainPage</td>
<td></td>
<td>1</td>
<td>testCases.TC003_ValidateAdminMainPage@6187d1f5</td></tr>
<tr>
<td title='testCases.TC001_ValidateHomePage.verifyLogo()'><b>verifyLogo</b><br>Test class: testCases.TC001_ValidateHomePage</td>
<td></td>
<td>0</td>
<td>testCases.TC001_ValidateHomePage@41d426b5</td></tr>
<tr>
<td title='testCases.TC002_ValidateLoginFunctionality.verifyLogin()'><b>verifyLogin</b><br>Test class: testCases.TC002_ValidateLoginFunctionality<br>Parameters: admin, Admin1234, Invalid</td>
<td></td>
<td>11</td>
<td>testCases.TC002_ValidateLoginFunctionality@59b38691</td></tr>
<tr>
<td title='testCases.TC002_ValidateLoginFunctionality.verifyLogin()'><b>verifyLogin</b><br>Test class: testCases.TC002_ValidateLoginFunctionality<br>Parameters: admin, admin123, Valid</td>
<td></td>
<td>4</td>
<td>testCases.TC002_ValidateLoginFunctionality@59b38691</td></tr>
<tr>
<td title='testCases.TC004_SearchUsersFunctionality.login()'><b>login</b><br>Test class: testCases.TC004_SearchUsersFunctionality</td>
<td></td>
<td>2</td>
<td>testCases.TC004_SearchUsersFunctionality@2445445a</td></tr>
<tr>
<td title='testCases.TC003_ValidateAdminMainPage.login()'><b>login</b><br>Test class: testCases.TC003_ValidateAdminMainPage</td>
<td></td>
<td>2</td>
<td>testCases.TC003_ValidateAdminMainPage@6187d1f5</td></tr>
<tr>
<td title='testCases.TC003_ValidateAdminMainPage.verifySystemUser()'><b>verifySystemUser</b><br>Test class: testCases.TC003_ValidateAdminMainPage</td>
<td></td>
<td>0</td>
<td>testCases.TC003_ValidateAdminMainPage@6187d1f5</td></tr>
<tr>
<td title='testCases.TC001_ValidateHomePage.verifyTitle()'><b>verifyTitle</b><br>Test class: testCases.TC001_ValidateHomePage</td>
<td></td>
<td>0</td>
<td>testCases.TC001_ValidateHomePage@41d426b5</td></tr>
<tr>
<td title='testCases.TC002_ValidateLoginFunctionality.verifyLogin()'><b>verifyLogin</b><br>Test class: testCases.TC002_ValidateLoginFunctionality<br>Parameters: Admin, admin123, Valid</td>
<td></td>
<td>3</td>
<td>testCases.TC002_ValidateLoginFunctionality@59b38691</td></tr>
</table><p>
<table width='100%' border='1' class='invocation-skipped'>
<tr><td colspan='4' align='center'><b>SKIPPED TESTS</b></td></tr>
<tr><td><b>Test method</b></td>
<td><b>Attribute(s)</b></td>
<td width="30%"><b>Exception</b></td>
<td width="10%"><b>Time (seconds)</b></td>
<td><b>Instance</b></td>
</tr>
<tr>
<td title='testCases.TC004_SearchUsersFunctionality.validateClickOnAddbutton()'><b>validateClickOnAddbutton</b><br>Test class: testCases.TC004_SearchUsersFunctionality</td>
<td><div><pre>java.lang.Throwable: Method testCases.TC004_SearchUsersFunctionality.validateClickOnAddbutton() on instance testCases.TC004_SearchUsersFunctionality@2445445a depends on not successfully finished methods 
[testCases.TC004_SearchUsersFunctionality.login() on instance testCases.TC004_SearchUsersFunctionality@2445445a
testCases.TC004_SearchUsersFunctionality.clickUserManagementMenu() on instance testCases.TC004_SearchUsersFunctionality@2445445a
testCases.TC004_SearchUsersFunctionality.validateSearchFunctionality() on instance testCases.TC004_SearchUsersFunctionality@2445445a]
	at java.base/java.util.ArrayList.forEach(ArrayList.java:1597)
... Removed 18 stack frames</pre></div><a href='#' onClick='toggleBox("stack-trace525558913", this, "Click to show all stack frames", "Click to hide stack frames")'>Click to show all stack frames</a>
<div class='stack-trace' id='stack-trace525558913'><pre>java.lang.Throwable: Method testCases.TC004_SearchUsersFunctionality.validateClickOnAddbutton() on instance testCases.TC004_SearchUsersFunctionality@2445445a depends on not successfully finished methods 
[testCases.TC004_SearchUsersFunctionality.login() on instance testCases.TC004_SearchUsersFunctionality@2445445a
testCases.TC004_SearchUsersFunctionality.clickUserManagementMenu() on instance testCases.TC004_SearchUsersFunctionality@2445445a
testCases.TC004_SearchUsersFunctionality.validateSearchFunctionality() on instance testCases.TC004_SearchUsersFunctionality@2445445a]
	at org.testng.internal.invokers.TestInvoker.invokeTestMethods(TestInvoker.java:159)
	at org.testng.internal.invokers.TestMethodWorker.invokeTestMethods(TestMethodWorker.java:154)
	at org.testng.internal.invokers.TestMethodWorker.run(TestMethodWorker.java:134)
	at java.base/java.util.ArrayList.forEach(ArrayList.java:1597)
	at org.testng.TestRunner.privateRun(TestRunner.java:741)
	at org.testng.TestRunner.run(TestRunner.java:616)
	at org.testng.SuiteRunner.runTest(SuiteRunner.java:421)
	at org.testng.SuiteRunner.runSequentially(SuiteRunner.java:413)
	at org.testng.SuiteRunner.privateRun(SuiteRunner.java:373)
	at org.testng.SuiteRunner.run(SuiteRunner.java:312)
	at org.testng.SuiteRunnerWorker.runSuite(SuiteRunnerWorker.java:52)
	at org.testng.SuiteRunnerWorker.run(SuiteRunnerWorker.java:95)
	at org.testng.TestNG.runSuitesSequentially(TestNG.java:1274)
	at org.testng.TestNG.runSuitesLocally(TestNG.java:1208)
	at org.testng.TestNG.runSuites(TestNG.java:1112)
	at org.testng.TestNG.run(TestNG.java:1079)
	at org.testng.remote.AbstractRemoteTestNG.run(AbstractRemoteTestNG.java:115)
	at org.testng.remote.RemoteTestNG.initAndRun(RemoteTestNG.java:293)
	at org.testng.remote.RemoteTestNG.main(RemoteTestNG.java:91)
</pre></div></td>
<td>0</td>
<td>testCases.TC004_SearchUsersFunctionality@2445445a</td></tr>
</table><p>
</body>
</html>