<?xml version="1.0" encoding="UTF-8"?>
<!-- Generated by org.testng.reporters.JUnitXMLReporter -->
<testsuite ignored="0" hostname="JIYANSH" failures="1" tests="14" name="chrometest" time="69.974" errors="0" timestamp="2025-08-10T13:15:21 IST">
  <testcase classname="testCases.TC001_ValidateHomePage" name="verifyTitle" time="0.026"/>
  <testcase classname="testCases.TC001_ValidateHomePage" name="verifyLogo" time="0.859"/>
  <testcase classname="testCases.TC002_ValidateLoginFunctionality" name="verifyLogin" time="3.929"/>
  <testcase classname="testCases.TC002_ValidateLoginFunctionality" name="verifyLogin" time="11.712"/>
  <testcase classname="testCases.TC002_ValidateLoginFunctionality" name="verifyLogin" time="11.467"/>
  <testcase classname="testCases.TC002_ValidateLoginFunctionality" name="verifyLogin" time="4.574"/>
  <testcase classname="testCases.TC003_ValidateAdminMainPage" name="login" time="2.303"/>
  <testcase classname="testCases.TC003_ValidateAdminMainPage" name="clickAdminMenu" time="1.348"/>
  <testcase classname="testCases.TC003_ValidateAdminMainPage" name="verifySystemUser" time="0.335"/>
  <testcase classname="testCases.TC004_SearchUsersFunctionality" name="login" time="2.215"/>
  <testcase classname="testCases.TC004_SearchUsersFunctionality" name="clickUserManagementMenu" time="2.373"/>
  <testcase classname="testCases.TC004_SearchUsersFunctionality" name="testTableData" time="0.359"/>
  <testcase classname="testCases.TC004_SearchUsersFunctionality" name="validateSearchFunctionality" time="0.195">
    <failure type="java.lang.AssertionError" message="Test failed due to exception: stale element reference: stale element not found in the current frame
  (Session info: chrome=139.0.7258.66)
For documentation on this error, please visit: https://www.selenium.dev/documentation/webdriver/troubleshooting/errors#stale-element-reference-exception
Build info: version: &amp;apos;4.33.0&amp;apos;, revision: &amp;apos;2c6aaad03a&amp;apos;
System info: os.name: &amp;apos;Windows 11&amp;apos;, os.arch: &amp;apos;amd64&amp;apos;, os.version: &amp;apos;10.0&amp;apos;, java.version: &amp;apos;22.0.2&amp;apos;
Driver info: org.openqa.selenium.chrome.ChromeDriver
Command: [6639f2c9f0858ee09562404d6cb828b3, getElementText {id=f.E56C96DB5AA45C4A8853B54C33A6DA62.d.4CE5419DE0A240B31D4974EF6489A0F7.e.152}]
Capabilities {acceptInsecureCerts: false, browserName: chrome, browserVersion: 139.0.7258.66, chrome: {chromedriverVersion: 139.0.7258.66 (a62d32994769..., userDataDir: C:\Users\pushk\AppData\Loca...}, fedcm:accounts: true, goog:chromeOptions: {debuggerAddress: localhost:61108}, networkConnectionEnabled: false, pageLoadStrategy: normal, platformName: windows, proxy: Proxy(), se:cdp: ws://localhost:61108/devtoo..., se:cdpVersion: 139.0.7258.66, setWindowRect: true, strictFileInteractability: false, timeouts: {implicit: 0, pageLoad: 300000, script: 30000}, unhandledPromptBehavior: dismiss and notify, webauthn:extension:credBlob: true, webauthn:extension:largeBlob: true, webauthn:extension:minPinLength: true, webauthn:extension:prf: true, webauthn:virtualAuthenticators: true}
Element: [[ChromeDriver: chrome on windows (6639f2c9f0858ee09562404d6cb828b3)] -&amp;gt; xpath: //div[@class=&amp;apos;oxd-table-body&amp;apos;]//div//div[2]]
Session ID: 6639f2c9f0858ee09562404d6cb828b3">
      <![CDATA[java.lang.AssertionError: Test failed due to exception: stale element reference: stale element not found in the current frame
  (Session info: chrome=139.0.7258.66)
For documentation on this error, please visit: https://www.selenium.dev/documentation/webdriver/troubleshooting/errors#stale-element-reference-exception
Build info: version: '4.33.0', revision: '2c6aaad03a'
System info: os.name: 'Windows 11', os.arch: 'amd64', os.version: '10.0', java.version: '22.0.2'
Driver info: org.openqa.selenium.chrome.ChromeDriver
Command: [6639f2c9f0858ee09562404d6cb828b3, getElementText {id=f.E56C96DB5AA45C4A8853B54C33A6DA62.d.4CE5419DE0A240B31D4974EF6489A0F7.e.152}]
Capabilities {acceptInsecureCerts: false, browserName: chrome, browserVersion: 139.0.7258.66, chrome: {chromedriverVersion: 139.0.7258.66 (a62d32994769..., userDataDir: C:\Users\pushk\AppData\Loca...}, fedcm:accounts: true, goog:chromeOptions: {debuggerAddress: localhost:61108}, networkConnectionEnabled: false, pageLoadStrategy: normal, platformName: windows, proxy: Proxy(), se:cdp: ws://localhost:61108/devtoo..., se:cdpVersion: 139.0.7258.66, setWindowRect: true, strictFileInteractability: false, timeouts: {implicit: 0, pageLoad: 300000, script: 30000}, unhandledPromptBehavior: dismiss and notify, webauthn:extension:credBlob: true, webauthn:extension:largeBlob: true, webauthn:extension:minPinLength: true, webauthn:extension:prf: true, webauthn:virtualAuthenticators: true}
Element: [[ChromeDriver: chrome on windows (6639f2c9f0858ee09562404d6cb828b3)] -> xpath: //div[@class='oxd-table-body']//div//div[2]]
Session ID: 6639f2c9f0858ee09562404d6cb828b3
at testCases.TC004_SearchUsersFunctionality.validateSearchFunctionality(TC004_SearchUsersFunctionality.java:137)
at java.base/java.util.ArrayList.forEach(ArrayList.java:1597)
... Removed 26 stack frames]]>
    </failure>
  </testcase> <!-- validateSearchFunctionality -->
  <testcase classname="testCases.TC004_SearchUsersFunctionality" name="validateClickOnAddbutton" time="0.0">
    <skipped/>
  </testcase> <!-- validateClickOnAddbutton -->
</testsuite> <!-- chrometest -->
