<?xml version="1.0" encoding="UTF-8"?>
<!-- Generated by org.testng.reporters.JUnitReportReporter -->
<testsuite hostname="JIYANSH" failures="2" tests="15" name="testCases.TestCaseWithStepsAlongWithScreenshotsInExtentReport" time="16.458" errors="0" timestamp="2025-08-30T17:29:22 IST" skipped="0">
  <testcase classname="testCases.TestCaseWithStepsAlongWithScreenshotsInExtentReport" name="loginWithValidCredentials" time="3.461"/>
  <testcase classname="testCases.TestCaseWithStepsAlongWithScreenshotsInExtentReport" name="verifyLogoOnMenuPanel" time="1.265"/>
  <testcase classname="testCases.TestCaseWithStepsAlongWithScreenshotsInExtentReport" name="verifyAllAvailableMenuOptionsOnMenuPanel" time="0.832">
    <failure message="Menu option &#039;Leavea&#039; is not available in the menu panel." type="java.lang.AssertionError">
      <![CDATA[java.lang.AssertionError: Menu option 'Leavea' is not available in the menu panel.
at org.testng.Assert.fail(Assert.java:111)
at testCases.TestCaseWithStepsAlongWithScreenshotsInExtentReport.verifyAllAvailableMenuOptionsOnMenuPanel(TestCaseWithStepsAlongWithScreenshotsInExtentReport.java:150)
at java.base/jdk.internal.reflect.DirectMethodHandleAccessor.invoke(DirectMethodHandleAccessor.java:103)
at java.base/java.lang.reflect.Method.invoke(Method.java:580)
at org.testng.internal.invokers.MethodInvocationHelper.invokeMethod(MethodInvocationHelper.java:141)
at org.testng.internal.invokers.TestInvoker.invokeMethod(TestInvoker.java:687)
at org.testng.internal.invokers.TestInvoker.invokeTestMethod(TestInvoker.java:230)
at org.testng.internal.invokers.MethodRunner.runInSequence(MethodRunner.java:63)
at org.testng.internal.invokers.TestInvoker$MethodInvocationAgent.invoke(TestInvoker.java:995)
at org.testng.internal.invokers.TestInvoker.invokeTestMethods(TestInvoker.java:203)
at org.testng.internal.invokers.TestMethodWorker.invokeTestMethods(TestMethodWorker.java:154)
at org.testng.internal.invokers.TestMethodWorker.run(TestMethodWorker.java:134)
at java.base/java.util.ArrayList.forEach(ArrayList.java:1597)
at org.testng.TestRunner.privateRun(TestRunner.java:741)
at org.testng.TestRunner.run(TestRunner.java:616)
at org.testng.SuiteRunner.runTest(SuiteRunner.java:421)
at org.testng.SuiteRunner.runSequentially(SuiteRunner.java:413)
at org.testng.SuiteRunner.privateRun(SuiteRunner.java:373)
at org.testng.SuiteRunner.run(SuiteRunner.java:312)
at org.testng.SuiteRunnerWorker.runSuite(SuiteRunnerWorker.java:52)
at org.testng.SuiteRunnerWorker.run(SuiteRunnerWorker.java:95)
at org.testng.TestNG.runSuitesSequentially(TestNG.java:1274)
at org.testng.TestNG.runSuitesLocally(TestNG.java:1208)
at org.testng.TestNG.runSuites(TestNG.java:1112)
at org.testng.TestNG.run(TestNG.java:1079)
at org.testng.remote.AbstractRemoteTestNG.run(AbstractRemoteTestNG.java:115)
at org.testng.remote.RemoteTestNG.initAndRun(RemoteTestNG.java:293)
at org.testng.remote.RemoteTestNG.main(RemoteTestNG.java:91)
]]>
    </failure>
  </testcase> <!-- verifyAllAvailableMenuOptionsOnMenuPanel -->
  <testcase classname="testCases.TestCaseWithStepsAlongWithScreenshotsInExtentReport" name="verifyAllAvailableMenuOptionsOnMenuPanel" time="0.996"/>
  <testcase classname="testCases.TestCaseWithStepsAlongWithScreenshotsInExtentReport" name="verifyAllAvailableMenuOptionsOnMenuPanel" time="0.699"/>
  <testcase classname="testCases.TestCaseWithStepsAlongWithScreenshotsInExtentReport" name="verifyAllAvailableMenuOptionsOnMenuPanel" time="0.818"/>
  <testcase classname="testCases.TestCaseWithStepsAlongWithScreenshotsInExtentReport" name="verifyAllAvailableMenuOptionsOnMenuPanel" time="0.724"/>
  <testcase classname="testCases.TestCaseWithStepsAlongWithScreenshotsInExtentReport" name="verifyAllAvailableMenuOptionsOnMenuPanel" time="0.926"/>
  <testcase classname="testCases.TestCaseWithStepsAlongWithScreenshotsInExtentReport" name="verifyAllAvailableMenuOptionsOnMenuPanel" time="0.946"/>
  <testcase classname="testCases.TestCaseWithStepsAlongWithScreenshotsInExtentReport" name="verifyAllAvailableMenuOptionsOnMenuPanel" time="0.837"/>
  <testcase classname="testCases.TestCaseWithStepsAlongWithScreenshotsInExtentReport" name="verifyAllAvailableMenuOptionsOnMenuPanel" time="0.777">
    <failure message="Menu option &#039;Claima&#039; is not available in the menu panel." type="java.lang.AssertionError">
      <![CDATA[java.lang.AssertionError: Menu option 'Claima' is not available in the menu panel.
at org.testng.Assert.fail(Assert.java:111)
at testCases.TestCaseWithStepsAlongWithScreenshotsInExtentReport.verifyAllAvailableMenuOptionsOnMenuPanel(TestCaseWithStepsAlongWithScreenshotsInExtentReport.java:150)
at java.base/jdk.internal.reflect.DirectMethodHandleAccessor.invoke(DirectMethodHandleAccessor.java:103)
at java.base/java.lang.reflect.Method.invoke(Method.java:580)
at org.testng.internal.invokers.MethodInvocationHelper.invokeMethod(MethodInvocationHelper.java:141)
at org.testng.internal.invokers.TestInvoker.invokeMethod(TestInvoker.java:687)
at org.testng.internal.invokers.TestInvoker.invokeTestMethod(TestInvoker.java:230)
at org.testng.internal.invokers.MethodRunner.runInSequence(MethodRunner.java:63)
at org.testng.internal.invokers.TestInvoker$MethodInvocationAgent.invoke(TestInvoker.java:995)
at org.testng.internal.invokers.TestInvoker.invokeTestMethods(TestInvoker.java:203)
at org.testng.internal.invokers.TestMethodWorker.invokeTestMethods(TestMethodWorker.java:154)
at org.testng.internal.invokers.TestMethodWorker.run(TestMethodWorker.java:134)
at java.base/java.util.ArrayList.forEach(ArrayList.java:1597)
at org.testng.TestRunner.privateRun(TestRunner.java:741)
at org.testng.TestRunner.run(TestRunner.java:616)
at org.testng.SuiteRunner.runTest(SuiteRunner.java:421)
at org.testng.SuiteRunner.runSequentially(SuiteRunner.java:413)
at org.testng.SuiteRunner.privateRun(SuiteRunner.java:373)
at org.testng.SuiteRunner.run(SuiteRunner.java:312)
at org.testng.SuiteRunnerWorker.runSuite(SuiteRunnerWorker.java:52)
at org.testng.SuiteRunnerWorker.run(SuiteRunnerWorker.java:95)
at org.testng.TestNG.runSuitesSequentially(TestNG.java:1274)
at org.testng.TestNG.runSuitesLocally(TestNG.java:1208)
at org.testng.TestNG.runSuites(TestNG.java:1112)
at org.testng.TestNG.run(TestNG.java:1079)
at org.testng.remote.AbstractRemoteTestNG.run(AbstractRemoteTestNG.java:115)
at org.testng.remote.RemoteTestNG.initAndRun(RemoteTestNG.java:293)
at org.testng.remote.RemoteTestNG.main(RemoteTestNG.java:91)
]]>
    </failure>
  </testcase> <!-- verifyAllAvailableMenuOptionsOnMenuPanel -->
  <testcase classname="testCases.TestCaseWithStepsAlongWithScreenshotsInExtentReport" name="verifyAllAvailableMenuOptionsOnMenuPanel" time="0.971"/>
  <testcase classname="testCases.TestCaseWithStepsAlongWithScreenshotsInExtentReport" name="verifyAllAvailableMenuOptionsOnMenuPanel" time="0.888"/>
  <testcase classname="testCases.TestCaseWithStepsAlongWithScreenshotsInExtentReport" name="verifyAllAvailableMenuOptionsOnMenuPanel" time="0.838"/>
  <testcase classname="testCases.TestCaseWithStepsAlongWithScreenshotsInExtentReport" name="verifySearchBoxFunctionality" time="1.480"/>
</testsuite> <!-- testCases.TestCaseWithStepsAlongWithScreenshotsInExtentReport -->
